app/build/intermediates/manifest_merge_blame_file/debug/manifest-merger-blame-debug-report.txt
1<?xml version="1.0" encoding="utf-8"?>
2<manifest xmlns:android="http://schemas.android.com/apk/res/android"
3    package="com.dawn.libdigitalcamera"
4    android:versionCode="1"
5    android:versionName="1.0.0" >
6
7    <uses-sdk
8        android:minSdkVersion="21"
8-->src\main\AndroidManifest.xml
9        android:targetSdkVersion="34" />
9-->src\main\AndroidManifest.xml
10
11    <uses-feature android:name="android.hardware.usb.host" />
11-->src\main\AndroidManifest.xml:4:5-62
11-->src\main\AndroidManifest.xml:4:19-59
12
13    <permission
13-->[androidx.core:core:1.9.0] AndroidManifest.xml:22:5-24:47
14        android:name="com.dawn.libdigitalcamera.DYNAMIC_RECEIVER_NOT_EXPORTED_PERMISSION"
14-->[androidx.core:core:1.9.0] AndroidManifest.xml:23:9-81
15        android:protectionLevel="signature" />
15-->[androidx.core:core:1.9.0] AndroidManifest.xml:24:9-44
16
17    <uses-permission android:name="com.dawn.libdigitalcamera.DYNAMIC_RECEIVER_NOT_EXPORTED_PERMISSION" />
17-->[androidx.core:core:1.9.0] AndroidManifest.xml:26:5-97
17-->[androidx.core:core:1.9.0] AndroidManifest.xml:26:22-94
18
19    <application
19-->src\main\AndroidManifest.xml:6:5-27:19
20        android:allowBackup="true"
20-->src\main\AndroidManifest.xml:7:9-35
21        android:appComponentFactory="androidx.core.app.CoreComponentFactory"
21-->[androidx.core:core:1.9.0] AndroidManifest.xml:28:18-86
22        android:debuggable="true"
23        android:icon="@mipmap/ic_launcher"
23-->src\main\AndroidManifest.xml:8:9-43
24        android:label="@string/app_name"
24-->src\main\AndroidManifest.xml:9:9-41
25        android:roundIcon="@mipmap/ic_launcher"
25-->src\main\AndroidManifest.xml:10:9-48
26        android:supportsRtl="true"
26-->src\main\AndroidManifest.xml:11:9-35
27        android:testOnly="true"
28        android:theme="@style/Theme.LibDigitalCamera" >
28-->src\main\AndroidManifest.xml:12:9-54
29        <activity
29-->src\main\AndroidManifest.xml:13:9-26:20
30            android:name="com.dawn.libdigitalcamera.MainActivity"
30-->src\main\AndroidManifest.xml:14:13-41
31            android:exported="true" >
31-->src\main\AndroidManifest.xml:15:13-36
32            <intent-filter>
32-->src\main\AndroidManifest.xml:16:13-19:29
33                <action android:name="android.intent.action.MAIN" />
33-->src\main\AndroidManifest.xml:17:17-69
33-->src\main\AndroidManifest.xml:17:25-66
34
35                <category android:name="android.intent.category.LAUNCHER" />
35-->src\main\AndroidManifest.xml:18:17-77
35-->src\main\AndroidManifest.xml:18:27-74
36            </intent-filter>
37            <intent-filter>
37-->src\main\AndroidManifest.xml:20:13-22:29
38                <action android:name="android.hardware.usb.action.USB_DEVICE_ATTACHED" />
38-->src\main\AndroidManifest.xml:21:17-90
38-->src\main\AndroidManifest.xml:21:25-87
39            </intent-filter>
40
41            <meta-data
41-->src\main\AndroidManifest.xml:23:13-25:57
42                android:name="android.hardware.usb.action.USB_DEVICE_ATTACHED"
42-->src\main\AndroidManifest.xml:24:17-79
43                android:resource="@xml/device_filter" />
43-->src\main\AndroidManifest.xml:25:17-54
44        </activity>
45        <activity
45-->[:library] AndroidManifest.xml:10:9-15:59
46            android:name="org.acra.CrashReportDialog"
46-->[:library] AndroidManifest.xml:11:13-54
47            android:excludeFromRecents="true"
47-->[:library] AndroidManifest.xml:12:13-46
48            android:finishOnTaskLaunch="true"
48-->[:library] AndroidManifest.xml:13:13-46
49            android:launchMode="singleInstance"
49-->[:library] AndroidManifest.xml:14:13-48
50            android:theme="@android:style/Theme.Dialog" />
50-->[:library] AndroidManifest.xml:15:13-56
51
52        <provider
52-->[androidx.emoji2:emoji2:1.2.0] AndroidManifest.xml:24:9-32:20
53            android:name="androidx.startup.InitializationProvider"
53-->[androidx.emoji2:emoji2:1.2.0] AndroidManifest.xml:25:13-67
54            android:authorities="com.dawn.libdigitalcamera.androidx-startup"
54-->[androidx.emoji2:emoji2:1.2.0] AndroidManifest.xml:26:13-68
55            android:exported="false" >
55-->[androidx.emoji2:emoji2:1.2.0] AndroidManifest.xml:27:13-37
56            <meta-data
56-->[androidx.emoji2:emoji2:1.2.0] AndroidManifest.xml:29:13-31:52
57                android:name="androidx.emoji2.text.EmojiCompatInitializer"
57-->[androidx.emoji2:emoji2:1.2.0] AndroidManifest.xml:30:17-75
58                android:value="androidx.startup" />
58-->[androidx.emoji2:emoji2:1.2.0] AndroidManifest.xml:31:17-49
59            <meta-data
59-->[androidx.lifecycle:lifecycle-process:2.4.1] AndroidManifest.xml:31:13-33:52
60                android:name="androidx.lifecycle.ProcessLifecycleInitializer"
60-->[androidx.lifecycle:lifecycle-process:2.4.1] AndroidManifest.xml:32:17-78
61                android:value="androidx.startup" />
61-->[androidx.lifecycle:lifecycle-process:2.4.1] AndroidManifest.xml:33:17-49
62        </provider>
63    </application>
64
65</manifest>